<?xml version="1.0" encoding="UTF-8"?>
<testsuite name="com.shu.commands.RightCommandTest" tests="12" skipped="0" failures="0" errors="0" timestamp="2020-07-08T14:59:47" hostname="shu-manjaro" time="0.038">
  <properties/>
  <testcase name="executeWhenFacingEast()" classname="com.shu.commands.RightCommandTest" time="0.03"/>
  <testcase name="executeWhenFacingWest()" classname="com.shu.commands.RightCommandTest" time="0.001"/>
  <testcase name="executeWhenFacingNorth()" classname="com.shu.commands.RightCommandTest" time="0.001"/>
  <testcase name="executeWhenFacingSouth()" classname="com.shu.commands.RightCommandTest" time="0.001"/>
  <testcase name="executeWhenFacingWestSuccess()" classname="com.shu.commands.RightCommandTest" time="0.001"/>
  <testcase name="executeWhenFacingEastNoCost()" classname="com.shu.commands.RightCommandTest" time="0.0"/>
  <testcase name="executeWhenFacingSouthNoCost()" classname="com.shu.commands.RightCommandTest" time="0.0"/>
  <testcase name="executeWhenFacingWestNoCost()" classname="com.shu.commands.RightCommandTest" time="0.0"/>
  <testcase name="executeWhenFacingEastSuccess()" classname="com.shu.commands.RightCommandTest" time="0.001"/>
  <testcase name="executeWhenFacingNorthSuccess()" classname="com.shu.commands.RightCommandTest" time="0.0"/>
  <testcase name="executeWhenFacingSouthSuccess()" classname="com.shu.commands.RightCommandTest" time="0.001"/>
  <testcase name="executeWhenFacingNorthNoCost()" classname="com.shu.commands.RightCommandTest" time="0.0"/>
  <system-out><![CDATA[]]></system-out>
  <system-err><![CDATA[]]></system-err>
</testsuite>
